2022-03-04T10:20:42.291211Z 0 [Warning] TIMESTAMP with implicit DEFAULT value is deprecated. Please use --explicit_defaults_for_timestamp server option (see documentation for more details).
2022-03-04T10:20:42.291211Z 0 [Warning] 'NO_ZERO_DATE', 'NO_ZERO_IN_DATE' and 'ERROR_FOR_DIVISION_BY_ZERO' sql modes should be used with strict mode. They will be merged with strict mode in a future release.
2022-03-04T10:20:42.292211Z 0 [Warning] 'NO_AUTO_CREATE_USER' sql mode was not set.
2022-03-04T10:20:42.292211Z 0 [Warning] Insecure configuration for --secure-file-priv: Current value does not restrict location of generated files. Consider setting it to a valid, non-empty path.
2022-03-04T10:20:42.292666Z 0 [Note] D:\WINDOWS\Documents\GitHub\PETAL\PETAL\bin\database\mysql-5.7.11\bin\mysqld.exe (mysqld 5.7.11) starting as process 5352 ...
2022-03-04T10:20:42.317040Z 0 [ERROR] Can't open shared library 'D:\WINDOWS\Documents\GitHub\PETAL\PETAL\bin\database\mysql-5.7.11\lib\plugin\keyring_file.dll' (errno: 126 Le module spécifié est introuvable.)
2022-03-04T10:20:42.320089Z 0 [ERROR] Couldn't load plugin named 'keyring_file' with soname 'keyring_file.dll'.
2022-03-04T10:20:42.324093Z 0 [Note] InnoDB: Mutexes and rw_locks use Windows interlocked functions
2022-03-04T10:20:42.325603Z 0 [Note] InnoDB: Uses event mutexes
2022-03-04T10:20:42.326624Z 0 [Note] InnoDB: Memory barrier is not used
2022-03-04T10:20:42.326624Z 0 [Note] InnoDB: Compressed tables use zlib 1.2.3
2022-03-04T10:20:42.329134Z 0 [Note] InnoDB: Number of pools: 1
2022-03-04T10:20:42.331149Z 0 [Note] InnoDB: Not using CPU crc32 instructions
2022-03-04T10:20:42.422383Z 0 [Note] InnoDB: Initializing buffer pool, total size = 128M, instances = 1, chunk size = 128M
2022-03-04T10:20:42.434129Z 0 [Note] InnoDB: Completed initialization of buffer pool
2022-03-04T10:20:42.528325Z 0 [Note] InnoDB: Setting log file .\ib_logfile101 size to 48 MB
2022-03-04T10:20:43.388201Z 0 [Note] InnoDB: Setting log file .\ib_logfile1 size to 48 MB
2022-03-04T10:20:44.649125Z 0 [Note] InnoDB: Renaming log file .\ib_logfile101 to .\ib_logfile0
2022-03-04T10:20:44.780606Z 0 [Warning] InnoDB: New log files created, LSN=2602779
2022-03-04T10:20:44.788251Z 0 [Note] InnoDB: Highest supported file format is Barracuda.
2022-03-04T10:20:44.795717Z 0 [Note] InnoDB: Log scan progressed past the checkpoint lsn 2603020
2022-03-04T10:20:44.798120Z 0 [Note] InnoDB: Doing recovery: scanned up to log sequence number 2603029
2022-03-04T10:20:44.804927Z 0 [Note] InnoDB: Doing recovery: scanned up to log sequence number 2603029
2022-03-04T10:20:44.807687Z 0 [Note] InnoDB: Database was not shutdown normally!
2022-03-04T10:20:44.811829Z 0 [Note] InnoDB: Starting crash recovery.
2022-03-04T10:20:45.485706Z 0 [Note] InnoDB: Creating shared tablespace for temporary tables
2022-03-04T10:20:45.487703Z 0 [Note] InnoDB: Setting file '.\ibtmp1' size to 12 MB. Physically writing the file full; Please wait ...
2022-03-04T10:20:45.821974Z 0 [Note] InnoDB: File '.\ibtmp1' size is now 12 MB.
2022-03-04T10:20:45.873359Z 0 [Note] InnoDB: 96 redo rollback segment(s) found. 96 redo rollback segment(s) are active.
2022-03-04T10:20:45.877599Z 0 [Note] InnoDB: 32 non-redo rollback segment(s) are active.
2022-03-04T10:20:45.882454Z 0 [Note] InnoDB: Waiting for purge to start
2022-03-04T10:20:45.938597Z 0 [Note] InnoDB: 5.7.11 started; log sequence number 2603029
2022-03-04T10:20:45.940596Z 0 [Note] InnoDB: Loading buffer pool(s) from D:\WINDOWS\Documents\GitHub\PETAL\PETAL\bin\database\mysql-5.7.11\data\ib_buffer_pool
2022-03-04T10:20:45.940596Z 0 [Note] Plugin 'FEDERATED' is disabled.
2022-03-04T10:20:46.137365Z 0 [Warning] Failed to set up SSL because of the following SSL library error: SSL context is not usable without certificate and private key
2022-03-04T10:20:46.156268Z 0 [Note] Server hostname (bind-address): '*'; port: 3306
2022-03-04T10:20:46.161961Z 0 [Note] IPv6 is available.
2022-03-04T10:20:46.164358Z 0 [Note]   - '::' resolves to '::';
2022-03-04T10:20:46.166628Z 0 [Note] Server socket created on IP: '::'.
2022-03-04T10:20:46.506774Z 0 [Note] Event Scheduler: Loaded 0 events
2022-03-04T10:20:46.507929Z 0 [Note] D:\WINDOWS\Documents\GitHub\PETAL\PETAL\bin\database\mysql-5.7.11\bin\mysqld.exe: ready for connections.
Version: '5.7.11'  socket: ''  port: 3306  MySQL Community Server (GPL)
2022-03-04T10:20:46.850462Z 0 [Note] InnoDB: Buffer pool(s) load completed at 220304 11:20:46
2022-03-04T10:40:33.154018Z 0 [Note] D:\WINDOWS\Documents\GitHub\PETAL\PETAL\bin\database\mysql-5.7.11\bin\mysqld.exe: Normal shutdown

2022-03-04T10:40:33.156266Z 0 [Note] Giving 0 client threads a chance to die gracefully
2022-03-04T10:40:33.157266Z 0 [Note] Shutting down slave threads
2022-03-04T10:40:33.168096Z 0 [Note] Forcefully disconnecting 0 remaining clients
2022-03-04T10:40:33.171095Z 0 [Note] Event Scheduler: Purging the queue. 0 events
2022-03-04T10:40:33.172095Z 0 [Note] Binlog end
2022-03-04T10:40:33.178095Z 0 [Note] Shutting down plugin 'ngram'
2022-03-04T10:40:33.180098Z 0 [Note] Shutting down plugin 'partition'
2022-03-04T10:40:33.181097Z 0 [Note] Shutting down plugin 'BLACKHOLE'
2022-03-04T10:40:33.182097Z 0 [Note] Shutting down plugin 'ARCHIVE'
2022-03-04T10:40:33.182097Z 0 [Note] Shutting down plugin 'PERFORMANCE_SCHEMA'
2022-03-04T10:40:33.184096Z 0 [Note] Shutting down plugin 'MRG_MYISAM'
2022-03-04T10:40:33.185096Z 0 [Note] Shutting down plugin 'MyISAM'
2022-03-04T10:40:33.186095Z 0 [Note] Shutting down plugin 'INNODB_SYS_VIRTUAL'
2022-03-04T10:40:33.186805Z 0 [Note] Shutting down plugin 'INNODB_SYS_DATAFILES'
2022-03-04T10:40:33.187924Z 0 [Note] Shutting down plugin 'INNODB_SYS_TABLESPACES'
2022-03-04T10:40:33.188923Z 0 [Note] Shutting down plugin 'INNODB_SYS_FOREIGN_COLS'
2022-03-04T10:40:33.189923Z 0 [Note] Shutting down plugin 'INNODB_SYS_FOREIGN'
2022-03-04T10:40:33.190922Z 0 [Note] Shutting down plugin 'INNODB_SYS_FIELDS'
2022-03-04T10:40:33.191925Z 0 [Note] Shutting down plugin 'INNODB_SYS_COLUMNS'
2022-03-04T10:40:33.192925Z 0 [Note] Shutting down plugin 'INNODB_SYS_INDEXES'
2022-03-04T10:40:33.193927Z 0 [Note] Shutting down plugin 'INNODB_SYS_TABLESTATS'
2022-03-04T10:40:33.193927Z 0 [Note] Shutting down plugin 'INNODB_SYS_TABLES'
2022-03-04T10:40:33.195926Z 0 [Note] Shutting down plugin 'INNODB_FT_INDEX_TABLE'
2022-03-04T10:40:33.195926Z 0 [Note] Shutting down plugin 'INNODB_FT_INDEX_CACHE'
2022-03-04T10:40:33.196923Z 0 [Note] Shutting down plugin 'INNODB_FT_CONFIG'
2022-03-04T10:40:33.197924Z 0 [Note] Shutting down plugin 'INNODB_FT_BEING_DELETED'
2022-03-04T10:40:33.198925Z 0 [Note] Shutting down plugin 'INNODB_FT_DELETED'
2022-03-04T10:40:33.199924Z 0 [Note] Shutting down plugin 'INNODB_FT_DEFAULT_STOPWORD'
2022-03-04T10:40:33.201994Z 0 [Note] Shutting down plugin 'INNODB_METRICS'
2022-03-04T10:40:33.202995Z 0 [Note] Shutting down plugin 'INNODB_TEMP_TABLE_INFO'
2022-03-04T10:40:33.203997Z 0 [Note] Shutting down plugin 'INNODB_BUFFER_POOL_STATS'
2022-03-04T10:40:33.204996Z 0 [Note] Shutting down plugin 'INNODB_BUFFER_PAGE_LRU'
2022-03-04T10:40:33.205998Z 0 [Note] Shutting down plugin 'INNODB_BUFFER_PAGE'
2022-03-04T10:40:33.206996Z 0 [Note] Shutting down plugin 'INNODB_CMP_PER_INDEX_RESET'
2022-03-04T10:40:33.207997Z 0 [Note] Shutting down plugin 'INNODB_CMP_PER_INDEX'
2022-03-04T10:40:33.208995Z 0 [Note] Shutting down plugin 'INNODB_CMPMEM_RESET'
2022-03-04T10:40:33.209997Z 0 [Note] Shutting down plugin 'INNODB_CMPMEM'
2022-03-04T10:40:33.210997Z 0 [Note] Shutting down plugin 'INNODB_CMP_RESET'
2022-03-04T10:40:33.211995Z 0 [Note] Shutting down plugin 'INNODB_CMP'
2022-03-04T10:40:33.212995Z 0 [Note] Shutting down plugin 'INNODB_LOCK_WAITS'
2022-03-04T10:40:33.213214Z 0 [Note] Shutting down plugin 'INNODB_LOCKS'
2022-03-04T10:40:33.214215Z 0 [Note] Shutting down plugin 'INNODB_TRX'
2022-03-04T10:40:33.215215Z 0 [Note] Shutting down plugin 'InnoDB'
2022-03-04T10:40:33.229216Z 0 [Note] InnoDB: FTS optimize thread exiting.
2022-03-04T10:40:33.230212Z 0 [Note] InnoDB: Starting shutdown...
2022-03-04T10:40:33.337570Z 0 [Note] InnoDB: Dumping buffer pool(s) to D:\WINDOWS\Documents\GitHub\PETAL\PETAL\bin\database\mysql-5.7.11\data\ib_buffer_pool
2022-03-04T10:40:33.340571Z 0 [Note] InnoDB: Buffer pool(s) dump completed at 220304 11:40:33
2022-03-04T10:40:34.472442Z 0 [Note] InnoDB: Shutdown completed; log sequence number 2603057
2022-03-04T10:40:34.514451Z 0 [Note] InnoDB: Removed temporary tablespace data file: "ibtmp1"
2022-03-04T10:40:34.521077Z 0 [Note] Shutting down plugin 'MEMORY'
2022-03-04T10:40:34.522203Z 0 [Note] Shutting down plugin 'CSV'
2022-03-04T10:40:34.525077Z 0 [Note] Shutting down plugin 'sha256_password'
2022-03-04T10:40:34.528079Z 0 [Note] Shutting down plugin 'mysql_native_password'
2022-03-04T10:40:34.530077Z 0 [Note] Shutting down plugin 'binlog'
2022-03-04T10:40:34.583609Z 0 [Note] D:\WINDOWS\Documents\GitHub\PETAL\PETAL\bin\database\mysql-5.7.11\bin\mysqld.exe: Shutdown complete

2022-03-04T10:43:20.670158Z 0 [Warning] TIMESTAMP with implicit DEFAULT value is deprecated. Please use --explicit_defaults_for_timestamp server option (see documentation for more details).
2022-03-04T10:43:20.670158Z 0 [Warning] 'NO_ZERO_DATE', 'NO_ZERO_IN_DATE' and 'ERROR_FOR_DIVISION_BY_ZERO' sql modes should be used with strict mode. They will be merged with strict mode in a future release.
2022-03-04T10:43:20.670158Z 0 [Warning] 'NO_AUTO_CREATE_USER' sql mode was not set.
2022-03-04T10:43:20.670158Z 0 [Warning] Insecure configuration for --secure-file-priv: Current value does not restrict location of generated files. Consider setting it to a valid, non-empty path.
2022-03-04T10:43:20.737713Z 0 [Note] D:\WINDOWS\Documents\GitHub\PETAL\PETAL\bin\database\mysql-5.7.11\bin\mysqld.exe (mysqld 5.7.11) starting as process 17000 ...
2022-03-04T10:43:21.107632Z 0 [ERROR] Can't open shared library 'D:\WINDOWS\Documents\GitHub\PETAL\PETAL\bin\database\mysql-5.7.11\lib\plugin\keyring_file.dll' (errno: 126 Le module spécifié est introuvable.)
2022-03-04T10:43:21.109951Z 0 [ERROR] Couldn't load plugin named 'keyring_file' with soname 'keyring_file.dll'.
2022-03-04T10:43:21.111903Z 0 [Note] InnoDB: Mutexes and rw_locks use Windows interlocked functions
2022-03-04T10:43:21.114240Z 0 [Note] InnoDB: Uses event mutexes
2022-03-04T10:43:21.115241Z 0 [Note] InnoDB: Memory barrier is not used
2022-03-04T10:43:21.116117Z 0 [Note] InnoDB: Compressed tables use zlib 1.2.3
2022-03-04T10:43:21.117117Z 0 [Note] InnoDB: Number of pools: 1
2022-03-04T10:43:21.165824Z 0 [Note] InnoDB: Not using CPU crc32 instructions
2022-03-04T10:43:21.566348Z 0 [Note] InnoDB: Initializing buffer pool, total size = 128M, instances = 1, chunk size = 128M
2022-03-04T10:43:21.705061Z 0 [Note] InnoDB: Completed initialization of buffer pool
2022-03-04T10:43:23.117333Z 0 [Note] InnoDB: Highest supported file format is Barracuda.
2022-03-04T10:43:34.902903Z 0 [Note] InnoDB: Creating shared tablespace for temporary tables
2022-03-04T10:43:34.910841Z 0 [Note] InnoDB: Setting file '.\ibtmp1' size to 12 MB. Physically writing the file full; Please wait ...
2022-03-04T10:43:35.143461Z 0 [Note] InnoDB: File '.\ibtmp1' size is now 12 MB.
2022-03-04T10:43:35.310090Z 0 [Note] InnoDB: 96 redo rollback segment(s) found. 96 redo rollback segment(s) are active.
2022-03-04T10:43:35.313207Z 0 [Note] InnoDB: 32 non-redo rollback segment(s) are active.
2022-03-04T10:43:35.317706Z 0 [Note] InnoDB: Waiting for purge to start
2022-03-04T10:43:35.377053Z 0 [Note] InnoDB: page_cleaner: 1000ms intended loop took 13645ms. The settings might not be optimal. (flushed=0 and evicted=0, during the time.)
2022-03-04T10:43:35.393055Z 0 [Note] InnoDB: 5.7.11 started; log sequence number 2603057
2022-03-04T10:43:35.398203Z 0 [Note] Plugin 'FEDERATED' is disabled.
2022-03-04T10:43:35.398203Z 0 [Note] InnoDB: Loading buffer pool(s) from D:\WINDOWS\Documents\GitHub\PETAL\PETAL\bin\database\mysql-5.7.11\data\ib_buffer_pool
2022-03-04T10:43:35.895183Z 0 [Warning] Failed to set up SSL because of the following SSL library error: SSL context is not usable without certificate and private key
2022-03-04T10:43:35.906005Z 0 [Note] Server hostname (bind-address): '*'; port: 3306
2022-03-04T10:43:35.911270Z 0 [Note] IPv6 is available.
2022-03-04T10:43:35.914267Z 0 [Note]   - '::' resolves to '::';
2022-03-04T10:43:35.915711Z 0 [Note] Server socket created on IP: '::'.
2022-03-04T10:43:36.016716Z 0 [Note] InnoDB: Buffer pool(s) load completed at 220304 11:43:36
2022-03-04T10:43:41.962694Z 0 [Note] Event Scheduler: Loaded 0 events
2022-03-04T10:43:41.963697Z 0 [Note] D:\WINDOWS\Documents\GitHub\PETAL\PETAL\bin\database\mysql-5.7.11\bin\mysqld.exe: ready for connections.
Version: '5.7.11'  socket: ''  port: 3306  MySQL Community Server (GPL)
2022-03-04T10:45:27.067210Z 0 [Note] D:\WINDOWS\Documents\GitHub\PETAL\PETAL\bin\database\mysql-5.7.11\bin\mysqld.exe: Normal shutdown

2022-03-04T10:45:27.069333Z 0 [Note] Giving 0 client threads a chance to die gracefully
2022-03-04T10:45:27.070332Z 0 [Note] Shutting down slave threads
2022-03-04T10:45:27.071333Z 0 [Note] Forcefully disconnecting 0 remaining clients
2022-03-04T10:45:27.072415Z 0 [Note] Event Scheduler: Purging the queue. 0 events
2022-03-04T10:45:27.074420Z 0 [Note] Binlog end
2022-03-04T10:45:27.076421Z 0 [Note] Shutting down plugin 'ngram'
2022-03-04T10:45:27.076421Z 0 [Note] Shutting down plugin 'partition'
2022-03-04T10:45:27.077472Z 0 [Note] Shutting down plugin 'BLACKHOLE'
2022-03-04T10:45:27.078821Z 0 [Note] Shutting down plugin 'ARCHIVE'
2022-03-04T10:45:27.078821Z 0 [Note] Shutting down plugin 'PERFORMANCE_SCHEMA'
2022-03-04T10:45:27.079821Z 0 [Note] Shutting down plugin 'MRG_MYISAM'
2022-03-04T10:45:27.079821Z 0 [Note] Shutting down plugin 'MyISAM'
2022-03-04T10:45:27.079821Z 0 [Note] Shutting down plugin 'INNODB_SYS_VIRTUAL'
2022-03-04T10:45:27.079821Z 0 [Note] Shutting down plugin 'INNODB_SYS_DATAFILES'
2022-03-04T10:45:27.079821Z 0 [Note] Shutting down plugin 'INNODB_SYS_TABLESPACES'
2022-03-04T10:45:27.083842Z 0 [Note] Shutting down plugin 'INNODB_SYS_FOREIGN_COLS'
2022-03-04T10:45:27.083842Z 0 [Note] Shutting down plugin 'INNODB_SYS_FOREIGN'
2022-03-04T10:45:27.083842Z 0 [Note] Shutting down plugin 'INNODB_SYS_FIELDS'
2022-03-04T10:45:27.086928Z 0 [Note] Shutting down plugin 'INNODB_SYS_COLUMNS'
2022-03-04T10:45:27.086928Z 0 [Note] Shutting down plugin 'INNODB_SYS_INDEXES'
2022-03-04T10:45:27.087927Z 0 [Note] Shutting down plugin 'INNODB_SYS_TABLESTATS'
2022-03-04T10:45:27.088979Z 0 [Note] Shutting down plugin 'INNODB_SYS_TABLES'
2022-03-04T10:45:27.089992Z 0 [Note] Shutting down plugin 'INNODB_FT_INDEX_TABLE'
2022-03-04T10:45:27.089992Z 0 [Note] Shutting down plugin 'INNODB_FT_INDEX_CACHE'
2022-03-04T10:45:27.089992Z 0 [Note] Shutting down plugin 'INNODB_FT_CONFIG'
2022-03-04T10:45:27.093053Z 0 [Note] Shutting down plugin 'INNODB_FT_BEING_DELETED'
2022-03-04T10:45:27.093053Z 0 [Note] Shutting down plugin 'INNODB_FT_DELETED'
2022-03-04T10:45:27.094772Z 0 [Note] Shutting down plugin 'INNODB_FT_DEFAULT_STOPWORD'
2022-03-04T10:45:27.095773Z 0 [Note] Shutting down plugin 'INNODB_METRICS'
2022-03-04T10:45:27.095773Z 0 [Note] Shutting down plugin 'INNODB_TEMP_TABLE_INFO'
2022-03-04T10:45:27.095773Z 0 [Note] Shutting down plugin 'INNODB_BUFFER_POOL_STATS'
2022-03-04T10:45:27.098798Z 0 [Note] Shutting down plugin 'INNODB_BUFFER_PAGE_LRU'
2022-03-04T10:45:27.102203Z 0 [Note] Shutting down plugin 'INNODB_BUFFER_PAGE'
2022-03-04T10:45:27.103204Z 0 [Note] Shutting down plugin 'INNODB_CMP_PER_INDEX_RESET'
2022-03-04T10:45:27.103874Z 0 [Note] Shutting down plugin 'INNODB_CMP_PER_INDEX'
2022-03-04T10:45:27.104876Z 0 [Note] Shutting down plugin 'INNODB_CMPMEM_RESET'
2022-03-04T10:45:27.105875Z 0 [Note] Shutting down plugin 'INNODB_CMPMEM'
2022-03-04T10:45:27.105875Z 0 [Note] Shutting down plugin 'INNODB_CMP_RESET'
2022-03-04T10:45:27.105875Z 0 [Note] Shutting down plugin 'INNODB_CMP'
2022-03-04T10:45:27.108900Z 0 [Note] Shutting down plugin 'INNODB_LOCK_WAITS'
2022-03-04T10:45:27.145858Z 0 [Note] Shutting down plugin 'INNODB_LOCKS'
2022-03-04T10:45:27.146856Z 0 [Note] Shutting down plugin 'INNODB_TRX'
2022-03-04T10:45:27.147116Z 0 [Note] Shutting down plugin 'InnoDB'
2022-03-04T10:45:27.199212Z 0 [Note] InnoDB: FTS optimize thread exiting.
2022-03-04T10:45:27.207144Z 0 [Note] InnoDB: Starting shutdown...
2022-03-04T10:45:27.334674Z 0 [Note] InnoDB: Dumping buffer pool(s) to D:\WINDOWS\Documents\GitHub\PETAL\PETAL\bin\database\mysql-5.7.11\data\ib_buffer_pool
2022-03-04T10:45:27.358514Z 0 [Note] InnoDB: Buffer pool(s) dump completed at 220304 11:45:27
2022-03-04T10:45:28.095720Z 0 [Note] InnoDB: Shutdown completed; log sequence number 2603085
2022-03-04T10:45:28.100406Z 0 [Note] InnoDB: Removed temporary tablespace data file: "ibtmp1"
2022-03-04T10:45:28.106063Z 0 [Note] Shutting down plugin 'MEMORY'
2022-03-04T10:45:28.107066Z 0 [Note] Shutting down plugin 'CSV'
2022-03-04T10:45:28.110423Z 0 [Note] Shutting down plugin 'sha256_password'
2022-03-04T10:45:28.112533Z 0 [Note] Shutting down plugin 'mysql_native_password'
2022-03-04T10:45:28.117758Z 0 [Note] Shutting down plugin 'binlog'
2022-03-04T10:45:28.121309Z 0 [Note] D:\WINDOWS\Documents\GitHub\PETAL\PETAL\bin\database\mysql-5.7.11\bin\mysqld.exe: Shutdown complete

2022-03-04T10:46:35.744505Z 0 [Warning] TIMESTAMP with implicit DEFAULT value is deprecated. Please use --explicit_defaults_for_timestamp server option (see documentation for more details).
2022-03-04T10:46:35.744505Z 0 [Warning] 'NO_ZERO_DATE', 'NO_ZERO_IN_DATE' and 'ERROR_FOR_DIVISION_BY_ZERO' sql modes should be used with strict mode. They will be merged with strict mode in a future release.
2022-03-04T10:46:35.744505Z 0 [Warning] 'NO_AUTO_CREATE_USER' sql mode was not set.
2022-03-04T10:46:35.744505Z 0 [Warning] Insecure configuration for --secure-file-priv: Current value does not restrict location of generated files. Consider setting it to a valid, non-empty path.
2022-03-04T10:46:35.744505Z 0 [Note] D:\WINDOWS\Documents\GitHub\PETAL\PETAL\bin\database\mysql-5.7.11\bin\mysqld.exe (mysqld 5.7.11) starting as process 10136 ...
2022-03-04T10:46:35.755811Z 0 [ERROR] Can't open shared library 'D:\WINDOWS\Documents\GitHub\PETAL\PETAL\bin\database\mysql-5.7.11\lib\plugin\keyring_file.dll' (errno: 126 Le module spécifié est introuvable.)
2022-03-04T10:46:35.757669Z 0 [ERROR] Couldn't load plugin named 'keyring_file' with soname 'keyring_file.dll'.
2022-03-04T10:46:35.758669Z 0 [Note] InnoDB: Mutexes and rw_locks use Windows interlocked functions
2022-03-04T10:46:35.760216Z 0 [Note] InnoDB: Uses event mutexes
2022-03-04T10:46:35.760216Z 0 [Note] InnoDB: Memory barrier is not used
2022-03-04T10:46:35.761220Z 0 [Note] InnoDB: Compressed tables use zlib 1.2.3
2022-03-04T10:46:35.762514Z 0 [Note] InnoDB: Number of pools: 1
2022-03-04T10:46:35.763106Z 0 [Note] InnoDB: Not using CPU crc32 instructions
2022-03-04T10:46:35.838524Z 0 [Note] InnoDB: Initializing buffer pool, total size = 128M, instances = 1, chunk size = 128M
2022-03-04T10:46:35.844690Z 0 [Note] InnoDB: Completed initialization of buffer pool
2022-03-04T10:46:36.033657Z 0 [Note] InnoDB: Highest supported file format is Barracuda.
2022-03-04T10:46:36.581058Z 0 [Note] InnoDB: Creating shared tablespace for temporary tables
2022-03-04T10:46:36.588717Z 0 [Note] InnoDB: Setting file '.\ibtmp1' size to 12 MB. Physically writing the file full; Please wait ...
2022-03-04T10:46:36.817237Z 0 [Note] InnoDB: File '.\ibtmp1' size is now 12 MB.
2022-03-04T10:46:36.859674Z 0 [Note] InnoDB: 96 redo rollback segment(s) found. 96 redo rollback segment(s) are active.
2022-03-04T10:46:36.863837Z 0 [Note] InnoDB: 32 non-redo rollback segment(s) are active.
2022-03-04T10:46:36.868928Z 0 [Note] InnoDB: Waiting for purge to start
2022-03-04T10:46:36.940530Z 0 [Note] InnoDB: 5.7.11 started; log sequence number 2603085
2022-03-04T10:46:36.944755Z 0 [Note] InnoDB: Loading buffer pool(s) from D:\WINDOWS\Documents\GitHub\PETAL\PETAL\bin\database\mysql-5.7.11\data\ib_buffer_pool
2022-03-04T10:46:36.944755Z 0 [Note] Plugin 'FEDERATED' is disabled.
2022-03-04T10:46:37.243711Z 0 [Warning] Failed to set up SSL because of the following SSL library error: SSL context is not usable without certificate and private key
2022-03-04T10:46:37.255080Z 0 [Note] Server hostname (bind-address): '*'; port: 3306
2022-03-04T10:46:37.261061Z 0 [Note] IPv6 is available.
2022-03-04T10:46:37.262937Z 0 [Note]   - '::' resolves to '::';
2022-03-04T10:46:37.264621Z 0 [Note] Server socket created on IP: '::'.
2022-03-04T10:46:37.763425Z 0 [Note] InnoDB: Buffer pool(s) load completed at 220304 11:46:37
2022-03-04T10:46:37.895905Z 0 [Note] Event Scheduler: Loaded 0 events
2022-03-04T10:46:37.898706Z 0 [Note] D:\WINDOWS\Documents\GitHub\PETAL\PETAL\bin\database\mysql-5.7.11\bin\mysqld.exe: ready for connections.
Version: '5.7.11'  socket: ''  port: 3306  MySQL Community Server (GPL)
