::1 - - [04/Mar/2022:11:22:54 +0100] "GET / HTTP/1.1" 200 1599
::1 - - [04/Mar/2022:11:22:54 +0100] "GET /?getimg=title HTTP/1.1" 200 6119
::1 - - [04/Mar/2022:11:22:54 +0100] "GET /?getimg=folder HTTP/1.1" 200 537
::1 - - [04/Mar/2022:11:22:54 +0100] "GET /?getimg=folder HTTP/1.1" 200 537
::1 - - [04/Mar/2022:11:47:03 +0100] "GET / HTTP/1.1" 200 1598
::1 - - [04/Mar/2022:11:47:04 +0100] "GET /?getimg=title HTTP/1.1" 200 6119
::1 - - [04/Mar/2022:11:47:04 +0100] "GET /?getimg=folder HTTP/1.1" 200 537
::1 - - [04/Mar/2022:11:47:04 +0100] "GET /?getimg=folder HTTP/1.1" 200 537
::1 - - [04/Mar/2022:11:48:28 +0100] "GET /uwamp/phpinfo.php HTTP/1.1" 200 109709
::1 - - [04/Mar/2022:11:48:28 +0100] "GET /favicon.ico HTTP/1.1" 404 308
::1 - - [04/Mar/2022:11:48:29 +0100] "GET /mysql/ HTTP/1.1" 200 3088
::1 - - [04/Mar/2022:11:48:33 +0100] "GET /mysql/js/codemirror/addon/hint/show-hint.css?v=4.5.4.1 HTTP/1.1" 200 662
::1 - - [04/Mar/2022:11:48:33 +0100] "GET /mysql/themes/pmahomme/jquery/jquery-ui-1.11.2.css HTTP/1.1" 200 35212
::1 - - [04/Mar/2022:11:48:33 +0100] "GET /mysql/js/codemirror/lib/codemirror.css?v=4.5.4.1 HTTP/1.1" 200 7771
::1 - - [04/Mar/2022:11:48:33 +0100] "GET /mysql/js/codemirror/addon/lint/lint.css?v=4.5.4.1 HTTP/1.1" 200 3068
::1 - - [04/Mar/2022:11:48:33 +0100] "GET /mysql/themes/pmahomme/css/printview.css?v=4.5.4.1 HTTP/1.1" 200 3082
::1 - - [04/Mar/2022:11:48:33 +0100] "GET /mysql/phpmyadmin.css.php?nocache=4363588756ltr HTTP/1.1" 200 20076
::1 - - [04/Mar/2022:11:48:33 +0100] "GET /mysql/js/whitelist.php?lang=fr&db=&collation_connection=utf8_unicode_ci&token=e6be9240076a57ff173e318806d6dd83&v=4.5.4.1 HTTP/1.1" 200 482
::1 - - [04/Mar/2022:11:48:33 +0100] "GET /mysql/js/get_scripts.js.php?scripts%5B%5D=jquery/jquery-1.11.1.min.js&scripts%5B%5D=sprintf.js&scripts%5B%5D=ajax.js&scripts%5B%5D=keyhandler.js&scripts%5B%5D=jquery/jquery-ui-1.11.2.min.js&scripts%5B%5D=jquery/jquery.cookie.js&scripts%5B%5D=jquery/jquery.mousewheel.js&scripts%5B%5D=jquery/jquery.event.drag-2.2.js&scripts%5B%5D=jquery/jquery-ui-timepicker-addon.js&scripts%5B%5D=jquery/jquery.ba-hashchange-1.3.js&scripts%5B%5D=jquery/jquery.debounce-1.0.5.js&scripts%5B%5D=menu-resizer.js&scripts%5B%5D=cross_framing_protection.js&scripts%5B%5D=rte.js&scripts%5B%5D=tracekit/tracekit.js&scripts%5B%5D=error_report.js&scripts%5B%5D=doclinks.js&scripts%5B%5D=functions.js&scripts%5B%5D=navigation.js&scripts%5B%5D=indexes.js&v=4.5.4.1 HTTP/1.1" 200 216429
::1 - - [04/Mar/2022:11:48:34 +0100] "GET /mysql/js/get_scripts.js.php?scripts%5B%5D=common.js&scripts%5B%5D=config.js&scripts%5B%5D=page_settings.js&scripts%5B%5D=codemirror/lib/codemirror.js&scripts%5B%5D=codemirror/mode/sql/sql.js&scripts%5B%5D=codemirror/addon/runmode/runmode.js&scripts%5B%5D=codemirror/addon/hint/show-hint.js&scripts%5B%5D=codemirror/addon/hint/sql-hint.js&scripts%5B%5D=codemirror/addon/lint/lint.js&scripts%5B%5D=codemirror/addon/lint/sql-lint.js&scripts%5B%5D=console.js&v=4.5.4.1 HTTP/1.1" 200 129440
::1 - - [04/Mar/2022:11:48:34 +0100] "GET /mysql/js/messages.php?lang=fr&db=&collation_connection=utf8_unicode_ci&token=e6be9240076a57ff173e318806d6dd83&v=4.5.4.1 HTTP/1.1" 200 9507
::1 - - [04/Mar/2022:11:48:37 +0100] "GET /mysql/themes/pmahomme/img/logo_right.png HTTP/1.1" 200 4548
::1 - - [04/Mar/2022:11:48:37 +0100] "GET /mysql/themes/dot.gif HTTP/1.1" 200 43
::1 - - [04/Mar/2022:11:48:36 +0100] "GET /mysql/js/get_image.js.php?theme=pmahomme&v=4.5.4.1 HTTP/1.1" 200 1822
::1 - - [04/Mar/2022:11:48:37 +0100] "GET /mysql/themes/pmahomme/img/sprites.png?v=4.5.4.1 HTTP/1.1" 200 46795
::1 - - [04/Mar/2022:11:48:37 +0100] "GET /mysql/favicon.ico HTTP/1.1" 200 22486
::1 - - [04/Mar/2022:11:49:00 +0100] "GET /mysql/themes/pmahomme/jquery/images/ui-bg_highlight-soft_75_cccccc_1x100.png HTTP/1.1" 200 319
::1 - - [04/Mar/2022:11:49:00 +0100] "GET /mysql/themes/pmahomme/jquery/images/ui-bg_flat_75_ffffff_40x100.png HTTP/1.1" 200 247
::1 - - [04/Mar/2022:11:49:00 +0100] "GET /mysql/themes/pmahomme/jquery/images/ui-bg_glass_75_e6e6e6_1x400.png HTTP/1.1" 200 301
::1 - - [04/Mar/2022:11:49:00 +0100] "GET /mysql/themes/pmahomme/jquery/images/ui-bg_glass_65_ffffff_1x400.png HTTP/1.1" 200 246
::1 - - [04/Mar/2022:11:49:00 +0100] "GET /mysql/themes/pmahomme/jquery/images/ui-bg_glass_75_dadada_1x400.png HTTP/1.1" 200 301
::1 - - [04/Mar/2022:11:49:00 +0100] "GET /mysql/themes/pmahomme/jquery/images/ui-bg_glass_55_fbf9ee_1x400.png HTTP/1.1" 200 374
::1 - - [04/Mar/2022:11:49:00 +0100] "GET /mysql/themes/pmahomme/jquery/images/ui-icons_888888_256x240.png HTTP/1.1" 200 7092
::1 - - [04/Mar/2022:11:49:00 +0100] "GET /mysql/themes/pmahomme/jquery/images/ui-bg_glass_95_fef1ec_1x400.png HTTP/1.1" 200 371
::1 - - [04/Mar/2022:11:49:00 +0100] "GET /mysql/themes/pmahomme/jquery/images/ui-icons_222222_256x240.png HTTP/1.1" 200 7006
::1 - - [04/Mar/2022:11:49:00 +0100] "GET /mysql/themes/pmahomme/jquery/images/ui-icons_454545_256x240.png HTTP/1.1" 200 7071
::1 - - [04/Mar/2022:11:49:00 +0100] "GET /mysql/themes/pmahomme/jquery/images/ui-icons_cd0a0a_256x240.png HTTP/1.1" 200 4599
::1 - - [04/Mar/2022:11:49:00 +0100] "GET /mysql/themes/pmahomme/jquery/images/ui-icons_2e83ff_256x240.png HTTP/1.1" 200 4599
::1 - - [04/Mar/2022:11:49:00 +0100] "GET /mysql/themes/pmahomme/jquery/images/ui-bg_flat_0_aaaaaa_40x100.png HTTP/1.1" 200 251
::1 - - [04/Mar/2022:11:49:00 +0100] "GET /mysql/themes/pmahomme/img/col_drop.png HTTP/1.1" 200 132
::1 - - [04/Mar/2022:11:49:00 +0100] "GET /mysql/themes/pmahomme/img/s_sortable.png HTTP/1.1" 200 234
::1 - - [04/Mar/2022:11:49:00 +0100] "GET /mysql/themes/pmahomme/img/col_pointer.png HTTP/1.1" 200 113
::1 - - [04/Mar/2022:11:49:00 +0100] "GET /mysql/themes/pmahomme/img/s_asc.png HTTP/1.1" 200 169
::1 - - [04/Mar/2022:11:49:00 +0100] "GET /mysql/themes/pmahomme/img/s_desc.png HTTP/1.1" 200 182
::1 - - [04/Mar/2022:11:49:00 +0100] "GET /mysql/themes/pmahomme/img/ajax_clock_small.gif HTTP/1.1" 200 1810
::1 - - [04/Mar/2022:11:49:00 +0100] "GET /mysql/themes/pmahomme/img/pmd/small_tab.png HTTP/1.1" 200 180
::1 - - [04/Mar/2022:11:49:00 +0100] "GET /mysql/themes/pmahomme/img/left_nav_bg.png HTTP/1.1" 200 297
::1 - - [04/Mar/2022:11:49:00 +0100] "GET /mysql/themes/pmahomme/img/pmd/Header_Linked.png HTTP/1.1" 200 108
::1 - - [04/Mar/2022:11:49:00 +0100] "GET /mysql/themes/pmahomme/img/pmd/left_panel_butt.png HTTP/1.1" 200 129
::1 - - [04/Mar/2022:11:49:00 +0100] "GET /mysql/themes/pmahomme/img/select_bg.png HTTP/1.1" 200 303
::1 - - [04/Mar/2022:11:49:00 +0100] "GET /mysql/themes/pmahomme/img/pmd/Header.png HTTP/1.1" 200 125
::1 - - [04/Mar/2022:11:49:00 +0100] "GET /mysql/themes/pmahomme/img/pmd/4.png HTTP/1.1" 200 181
::1 - - [04/Mar/2022:11:49:00 +0100] "GET /mysql/themes/pmahomme/img/pmd/1.png HTTP/1.1" 200 101
::1 - - [04/Mar/2022:11:49:00 +0100] "GET /mysql/themes/pmahomme/img/pmd/5.png HTTP/1.1" 200 90
::1 - - [04/Mar/2022:11:49:00 +0100] "GET /mysql/themes/pmahomme/img/pmd/3.png HTTP/1.1" 200 175
::1 - - [04/Mar/2022:11:49:00 +0100] "GET /mysql/themes/pmahomme/img/pmd/2.png HTTP/1.1" 200 169
::1 - - [04/Mar/2022:11:49:00 +0100] "GET /mysql/themes/pmahomme/img/pmd/6.png HTTP/1.1" 200 98
::1 - - [04/Mar/2022:11:49:00 +0100] "GET /mysql/themes/pmahomme/img/pmd/top_panel.png HTTP/1.1" 200 173
::1 - - [04/Mar/2022:11:49:00 +0100] "GET /mysql/themes/pmahomme/img/pmd/7.png HTTP/1.1" 200 105
::1 - - [04/Mar/2022:11:49:00 +0100] "GET /mysql/themes/pmahomme/img/pmd/8.png HTTP/1.1" 200 88
::1 - - [04/Mar/2022:11:49:00 +0100] "GET /mysql/themes/pmahomme/img/pmd/plus.png HTTP/1.1" 200 969
::1 - - [04/Mar/2022:11:49:00 +0100] "GET /mysql/themes/pmahomme/img/pmd/resize.png HTTP/1.1" 200 151
::1 - - [04/Mar/2022:11:49:00 +0100] "GET /mysql/themes/pmahomme/img/pmd/minus.png HTTP/1.1" 200 1004
::1 - - [04/Mar/2022:11:49:02 +0100] "GET /my-app HTTP/1.1" 301 331
::1 - - [04/Mar/2022:11:49:02 +0100] "GET /my-app/ HTTP/1.1" 200 769
::1 - - [04/Mar/2022:11:49:02 +0100] "GET /icons/blank.gif HTTP/1.1" 200 148
::1 - - [04/Mar/2022:11:49:02 +0100] "GET /icons/back.gif HTTP/1.1" 200 216
::1 - - [04/Mar/2022:11:50:44 +0100] "POST /mysql/index.php HTTP/1.1" 302 25
::1 - - [04/Mar/2022:11:50:45 +0100] "GET /mysql/index.php?token=e6be9240076a57ff173e318806d6dd83&phpMyAdmin=gdvsnlnpn0ugm6tj8v5nqlm3hrprhv7h HTTP/1.1" 200 13398
::1 - - [04/Mar/2022:11:50:48 +0100] "GET /mysql/phpmyadmin.css.php?nocache=6009979802ltr HTTP/1.1" 200 20076
::1 - - [04/Mar/2022:11:50:48 +0100] "GET /mysql/js/whitelist.php?lang=fr&db=&token=e6be9240076a57ff173e318806d6dd83&v=4.5.4.1 HTTP/1.1" 200 482
::1 - - [04/Mar/2022:11:50:48 +0100] "GET /mysql/themes/pmahomme/img/logo_left.png HTTP/1.1" 200 2327
::1 - - [04/Mar/2022:11:50:48 +0100] "GET /mysql/themes/pmahomme/img/s_collapseall.png HTTP/1.1" 200 170
::1 - - [04/Mar/2022:11:50:48 +0100] "GET /mysql/js/messages.php?lang=fr&db=&token=e6be9240076a57ff173e318806d6dd83&v=4.5.4.1 HTTP/1.1" 200 9507
::1 - - [04/Mar/2022:11:50:49 +0100] "POST /mysql/db_structure.php?ajax_request=1&favorite_table=1&sync_favorite_tables=1&token=e6be9240076a57ff173e318806d6dd83 HTTP/1.1" 200 164
::1 - - [04/Mar/2022:11:50:49 +0100] "GET /mysql/version_check.php?server=1&_nocache=1646391049370639400 HTTP/1.1" 200 40
::1 - - [04/Mar/2022:11:51:26 +0100] "GET /mysql/prefs_manage.php?db=&token=e6be9240076a57ff173e318806d6dd83&ajax_request=true&ajax_page_request=true&_nocache=1646391086763847438 HTTP/1.1" 200 2816
::1 - - [04/Mar/2022:11:51:32 +0100] "GET /mysql/prefs_forms.php?form=Features&token=e6be9240076a57ff173e318806d6dd83&ajax_request=true&ajax_page_request=true&_nocache=1646391092623261051 HTTP/1.1" 200 5706
::1 - - [04/Mar/2022:11:51:57 +0100] "GET /mysql/server_databases.php?db=&token=e6be9240076a57ff173e318806d6dd83&ajax_request=true&ajax_page_request=true&_nocache=1646391116914159005 HTTP/1.1" 200 5847
::1 - - [04/Mar/2022:11:51:57 +0100] "GET /mysql/themes/pmahomme/img/arrow_ltr.png HTTP/1.1" 200 139
::1 - - [04/Mar/2022:11:51:57 +0100] "GET /mysql/js/get_scripts.js.php?scripts%5B%5D=server_databases.js&call_done=1&v=4.5.4.1 HTTP/1.1" 200 1707
::1 - - [04/Mar/2022:11:51:57 +0100] "POST /mysql/navigation.php?ajax_request=1&token=e6be9240076a57ff173e318806d6dd83 HTTP/1.1" 200 4261
::1 - - [04/Mar/2022:11:52:08 +0100] "GET /my-app/ HTTP/1.1" 200 769
::1 - - [04/Mar/2022:11:52:21 +0100] "GET /mysql/ HTTP/1.1" 200 13182
::1 - - [04/Mar/2022:11:52:22 +0100] "GET /mysql/phpmyadmin.css.php?nocache=5819075457ltr HTTP/1.1" 200 20076
::1 - - [04/Mar/2022:11:52:23 +0100] "GET /mysql/version_check.php?server=1&_nocache=1646391143436441520 HTTP/1.1" 200 40
::1 - - [04/Mar/2022:11:52:23 +0100] "POST /mysql/db_structure.php?ajax_request=1&favorite_table=1&sync_favorite_tables=1&token=e6be9240076a57ff173e318806d6dd83 HTTP/1.1" 200 164
::1 - - [04/Mar/2022:11:54:10 +0100] "GET /mysql/server_databases.php?db=&token=e6be9240076a57ff173e318806d6dd83&ajax_request=true&ajax_page_request=true&_nocache=1646391250012270137 HTTP/1.1" 200 5847
::1 - - [04/Mar/2022:11:54:41 +0100] "GET /mysql/server_sql.php?db=&token=e6be9240076a57ff173e318806d6dd83&ajax_request=true&ajax_page_request=true&_nocache=1646391281698317367 HTTP/1.1" 200 4488
::1 - - [04/Mar/2022:11:54:42 +0100] "GET /mysql/js/get_scripts.js.php?scripts%5B%5D=makegrid.js&scripts%5B%5D=jquery/jquery.uitablefilter.js&scripts%5B%5D=sql.js&call_done=1&v=4.5.4.1 HTTP/1.1" 200 26517
::1 - - [04/Mar/2022:11:55:09 +0100] "GET /mysql/server_status.php?db=&token=e6be9240076a57ff173e318806d6dd83&ajax_request=true&ajax_page_request=true&_nocache=1646391309806430842 HTTP/1.1" 200 2056
::1 - - [04/Mar/2022:11:55:12 +0100] "GET /mysql/server_privileges.php?db=&token=e6be9240076a57ff173e318806d6dd83&viewing_mode=server&ajax_request=true&ajax_page_request=true&_nocache=1646391312293821518 HTTP/1.1" 200 2852
::1 - - [04/Mar/2022:11:55:13 +0100] "GET /mysql/js/get_scripts.js.php?scripts%5B%5D=server_privileges.js&call_done=1&v=4.5.4.1 HTTP/1.1" 200 3794
::1 - - [04/Mar/2022:11:55:15 +0100] "GET /mysql/server_export.php?db=&token=e6be9240076a57ff173e318806d6dd83&ajax_request=true&ajax_page_request=true&_nocache=1646391314915981098 HTTP/1.1" 200 47406
::1 - - [04/Mar/2022:11:55:22 +0100] "GET /mysql/server_databases.php?db=&token=e6be9240076a57ff173e318806d6dd83&ajax_request=true&ajax_page_request=true&_nocache=1646391322466930313 HTTP/1.1" 200 5847
::1 - - [04/Mar/2022:11:55:23 +0100] "GET /mysql/server_databases.php?db=&token=e6be9240076a57ff173e318806d6dd83&ajax_request=true&ajax_page_request=true&_nocache=1646391323005364656 HTTP/1.1" 200 5847
::1 - - [04/Mar/2022:11:55:26 +0100] "GET /mysql/db_structure.php?db=&token=e6be9240076a57ff173e318806d6dd83&db=information_schema&ajax_request=true&ajax_page_request=true&_nocache=1646391326330513338 HTTP/1.1" 200 11528
::1 - - [04/Mar/2022:11:55:28 +0100] "GET /mysql/js/get_scripts.js.php?scripts%5B%5D=db_structure.js&scripts%5B%5D=tbl_change.js&call_done=1&v=4.5.4.1 HTTP/1.1" 200 10265
::1 - - [04/Mar/2022:11:55:28 +0100] "GET /mysql/navigation.php?ajax_request=1&token=e6be9240076a57ff173e318806d6dd83&aPath=cm9vdA%3D%3D.aW5mb3JtYXRpb25fc2NoZW1h&vPath=cm9vdA%3D%3D.aW5mb3JtYXRpb25fc2NoZW1h&pos=0&pos2_name=&pos2_value=&searchClause=&searchClause2=&_nocache=1646391328967115218 HTTP/1.1" 200 3396
::1 - - [04/Mar/2022:11:55:58 +0100] "GET /mysql/db_sql.php?db=information_schema&token=e6be9240076a57ff173e318806d6dd83&ajax_request=true&ajax_page_request=true&_nocache=1646391358785216031 HTTP/1.1" 200 4387
::1 - - [04/Mar/2022:11:56:01 +0100] "GET /mysql/db_search.php?db=information_schema&token=e6be9240076a57ff173e318806d6dd83&ajax_request=true&ajax_page_request=true&_nocache=1646391361050282915 HTTP/1.1" 200 2947
::1 - - [04/Mar/2022:11:56:01 +0100] "GET /mysql/js/get_scripts.js.php?scripts%5B%5D=db_search.js&call_done=1&v=4.5.4.1 HTTP/1.1" 200 2085
::1 - - [04/Mar/2022:11:56:02 +0100] "GET /mysql/db_structure.php?db=information_schema&token=e6be9240076a57ff173e318806d6dd83&ajax_request=true&ajax_page_request=true&_nocache=1646391362709228588 HTTP/1.1" 200 11528
::1 - - [04/Mar/2022:11:56:31 +0100] "GET /mysql/sql.php?db=information_schema&token=e6be9240076a57ff173e318806d6dd83&goto=db_structure.php&table=CHARACTER_SETS&pos=0&ajax_request=true&ajax_page_request=true&_nocache=1646391390967513019 HTTP/1.1" 200 7437
::1 - - [04/Mar/2022:11:56:33 +0100] "GET /mysql/js/get_scripts.js.php?scripts%5B%5D=gis_data_editor.js&scripts%5B%5D=multi_column_sort.js&call_done=1&v=4.5.4.1 HTTP/1.1" 200 4575
::1 - - [04/Mar/2022:11:56:34 +0100] "GET /mysql/index.php?ajax_request=1&recent_table=1&token=e6be9240076a57ff173e318806d6dd83&no_debug=true&_nocache=16463913942121449 HTTP/1.1" 200 1447
::1 - - [04/Mar/2022:12:01:21 +0100] "GET /my-app/ HTTP/1.1" 200 769
